<?xml version="1.0" encoding="UTF-8"?>
<robot generator="Robot 6.0.2 (Python 3.11.1 on win32)" generated="20230809 21:16:56.112" rpa="false" schemaversion="3">
<suite id="s1" name="Testredesaoluiz" source="c:\Bionexo-Automation-Web-RobotFramework\tests\testredesaoluiz.robot">
<test id="s1-t1" name="Cenário 01: Deve mostrar a tela de marcação de consulta" line="14">
<kw name="Open the browser" library="Resource" type="SETUP">
<kw name="Open Browser" library="SeleniumLibrary">
<arg>about:blank</arg>
<arg>${BROWSER}</arg>
<doc>Opens a new browser instance to the optional ``url``.</doc>
<msg timestamp="20230809 21:16:56.648" level="INFO">Opening browser 'chrome' to base url 'about:blank'.</msg>
<status status="PASS" starttime="20230809 21:16:56.648" endtime="20230809 21:16:59.407"/>
</kw>
<kw name="Maximize Browser Window" library="SeleniumLibrary">
<doc>Maximizes current browser window.</doc>
<status status="PASS" starttime="20230809 21:16:59.407" endtime="20230809 21:16:59.540"/>
</kw>
<status status="PASS" starttime="20230809 21:16:56.648" endtime="20230809 21:16:59.540"/>
</kw>
<kw name="Dado que estou na página home do site" library="Home">
<kw name="Go To" library="SeleniumLibrary">
<arg>${HOME_URL}</arg>
<doc>Navigates the current browser window to the provided ``url``.</doc>
<msg timestamp="20230809 21:16:59.548" level="INFO">Opening url 'https://www.rededorsaoluiz.com.br/'</msg>
<status status="PASS" starttime="20230809 21:16:59.540" endtime="20230809 21:17:05.474"/>
</kw>
<kw name="Title Should Be" library="SeleniumLibrary">
<arg>${HOME_TOPLEFT_MENU}</arg>
<doc>Verifies that the current page title equals ``title``.</doc>
<msg timestamp="20230809 21:17:15.769" level="INFO">Page title is 'Rede D'Or São Luiz - Home'.</msg>
<status status="PASS" starttime="20230809 21:17:05.474" endtime="20230809 21:17:15.770"/>
</kw>
<status status="PASS" starttime="20230809 21:16:59.540" endtime="20230809 21:17:15.770"/>
</kw>
<kw name="Quando eu clicar em &quot;Marque uma consulta&quot;" library="Home" sourcename="Quando eu clicar em &quot;${MARCAR_CONSULTA}&quot;">
<kw name="Wait Until Element Is Visible" library="SeleniumLibrary">
<arg>${HOME_TEXTBTN_MARCAR_CONSULTA}</arg>
<doc>Waits until the element ``locator`` is visible.</doc>
<status status="PASS" starttime="20230809 21:17:15.808" endtime="20230809 21:17:16.658"/>
</kw>
<kw name="Click Element" library="SeleniumLibrary">
<arg>${HOME_BTN_MARCAR_CONSULTA}</arg>
<doc>Click the element identified by ``locator``.</doc>
<msg timestamp="20230809 21:17:16.658" level="INFO">Clicking element 'xpath=//*[@data-test-id='_ctamarqueUmaConsulta']'.</msg>
<status status="PASS" starttime="20230809 21:17:16.658" endtime="20230809 21:17:19.195"/>
</kw>
<status status="PASS" starttime="20230809 21:17:15.807" endtime="20230809 21:17:19.197"/>
</kw>
<kw name="Então deve mostrar a tela de &quot;Busque pela especialidade ou nome do médico&quot;" library="MarcarConsulta" sourcename="Então deve mostrar a tela de &quot;${ESPECIALIDADE MEDICO}&quot;">
<kw name="Switch Window" library="SeleniumLibrary">
<arg>${MARCARCONSULTA_TITLE_BROWSER}</arg>
<doc>Switches to browser window matching ``locator``.</doc>
<status status="PASS" starttime="20230809 21:17:19.206" endtime="20230809 21:17:28.105"/>
</kw>
<kw name="Title Should Be" library="SeleniumLibrary">
<arg>${MARCARCONSULTA_TITLE_BROWSER}</arg>
<doc>Verifies that the current page title equals ``title``.</doc>
<msg timestamp="20230809 21:17:28.129" level="INFO">Page title is 'Especialidade / Profissional - Agendamento de Consultas | Rede D'Or São Luiz'.</msg>
<status status="PASS" starttime="20230809 21:17:28.106" endtime="20230809 21:17:28.131"/>
</kw>
<kw name="Wait Until Element Is Visible" library="SeleniumLibrary">
<arg>${MARCARCONSULTA_TITLE_PAGE}</arg>
<doc>Waits until the element ``locator`` is visible.</doc>
<status status="PASS" starttime="20230809 21:17:28.132" endtime="20230809 21:17:28.273"/>
</kw>
<status status="PASS" starttime="20230809 21:17:19.205" endtime="20230809 21:17:28.274"/>
</kw>
<tag>auto</tag>
<status status="PASS" starttime="20230809 21:16:56.648" endtime="20230809 21:17:28.274"/>
</test>
<test id="s1-t2" name="Cenário 02: Mostrar tela de dados do paciente" line="20">
<kw name="Open the browser" library="Resource" type="SETUP">
<kw name="Open Browser" library="SeleniumLibrary">
<arg>about:blank</arg>
<arg>${BROWSER}</arg>
<doc>Opens a new browser instance to the optional ``url``.</doc>
<msg timestamp="20230809 21:17:28.290" level="INFO">Opening browser 'chrome' to base url 'about:blank'.</msg>
<status status="PASS" starttime="20230809 21:17:28.289" endtime="20230809 21:17:31.803"/>
</kw>
<kw name="Maximize Browser Window" library="SeleniumLibrary">
<doc>Maximizes current browser window.</doc>
<status status="PASS" starttime="20230809 21:17:31.804" endtime="20230809 21:17:32.084"/>
</kw>
<status status="PASS" starttime="20230809 21:17:28.287" endtime="20230809 21:17:32.084"/>
</kw>
<kw name="Dado que estou na página de marcação de consulta" library="MarcarConsulta">
<kw name="Go To" library="SeleniumLibrary">
<arg>${MARCARCONSULTA_URL}</arg>
<doc>Navigates the current browser window to the provided ``url``.</doc>
<msg timestamp="20230809 21:17:32.089" level="INFO">Opening url 'https://www.rededorsaoluiz.com.br/paciente/marcar-consulta/especialidade-medico'</msg>
<status status="PASS" starttime="20230809 21:17:32.088" endtime="20230809 21:17:39.442"/>
</kw>
<kw name="Title Should Be" library="SeleniumLibrary">
<arg>${MARCARCONSULTA_TITLE_BROWSER}</arg>
<doc>Verifies that the current page title equals ``title``.</doc>
<msg timestamp="20230809 21:17:39.503" level="INFO">Page title is 'Especialidade / Profissional - Agendamento de Consultas | Rede D'Or São Luiz'.</msg>
<status status="PASS" starttime="20230809 21:17:39.444" endtime="20230809 21:17:39.504"/>
</kw>
<status status="PASS" starttime="20230809 21:17:32.087" endtime="20230809 21:17:39.505"/>
</kw>
<kw name="E escolho a especialiadade cardiologia geral" library="MarcarConsulta">
<kw name="Click Element" library="SeleniumLibrary">
<arg>${MARCARCONSULTA_INPUT_BUSCAR_ESPEC_MED}</arg>
<doc>Click the element identified by ``locator``.</doc>
<msg timestamp="20230809 21:17:39.519" level="INFO">Clicking element 'id=digite a especialidade ou médico'.</msg>
<status status="PASS" starttime="20230809 21:17:39.517" endtime="20230809 21:17:39.986"/>
</kw>
<kw name="Input Text" library="SeleniumLibrary">
<arg>${MARCARCONSULTA_INPUT_BUSCAR_ESPEC_MED}</arg>
<arg>${MARCARCONSULTA_TXT_CARDIOLOGIA}</arg>
<doc>Types the given ``text`` into the text field identified by ``locator``.</doc>
<msg timestamp="20230809 21:17:39.990" level="INFO">Typing text 'Cardiologia' into text field 'id=digite a especialidade ou médico'.</msg>
<status status="PASS" starttime="20230809 21:17:39.987" endtime="20230809 21:17:43.486"/>
</kw>
<kw name="Sleep" library="BuiltIn">
<arg>2s</arg>
<doc>Pauses the test executed for the given time.</doc>
<msg timestamp="20230809 21:17:45.488" level="INFO">Slept 2 seconds</msg>
<status status="PASS" starttime="20230809 21:17:43.487" endtime="20230809 21:17:45.488"/>
</kw>
<kw name="Press Keys" library="SeleniumLibrary">
<arg>${MARCARCONSULTA_INPUT_BUSCAR_ESPEC_MED}</arg>
<arg>ENTER</arg>
<doc>Simulates the user pressing key(s) to an element or on the active browser.</doc>
<msg timestamp="20230809 21:17:45.491" level="INFO">Sending key(s) ('ENTER',) to id=digite a especialidade ou médico element.</msg>
<msg timestamp="20230809 21:17:45.860" level="INFO">Pressing special key ENTER to element.</msg>
<msg timestamp="20230809 21:17:45.860" level="INFO">Releasing special key ENTER.</msg>
<status status="PASS" starttime="20230809 21:17:45.489" endtime="20230809 21:17:45.951"/>
</kw>
<kw name="Sleep" library="BuiltIn">
<arg>4s</arg>
<doc>Pauses the test executed for the given time.</doc>
<msg timestamp="20230809 21:17:49.954" level="INFO">Slept 4 seconds</msg>
<status status="PASS" starttime="20230809 21:17:45.952" endtime="20230809 21:17:49.954"/>
</kw>
<status status="PASS" starttime="20230809 21:17:39.516" endtime="20230809 21:17:49.955"/>
</kw>
<kw name="Quando pesquiso por &quot;Hospital São Luiz Morumbi&quot;" library="MarcarConsulta" sourcename="Quando pesquiso por &quot;${HOSPITAL SÃO LUIZ MORUMBI}&quot;">
<kw name="Title Should Be" library="SeleniumLibrary">
<arg>${MARCARCONSULTA_TITLE_LOCAL}</arg>
<doc>Verifies that the current page title equals ``title``.</doc>
<msg timestamp="20230809 21:17:49.986" level="INFO">Page title is 'Local do agendamento - Agendamento de Consultas | Rede D'Or São Luiz'.</msg>
<status status="PASS" starttime="20230809 21:17:49.957" endtime="20230809 21:17:49.986"/>
</kw>
<kw name="Wait Until Element Is Visible" library="SeleniumLibrary">
<arg>${MARCAR_CONSULTA_PAGE_LOCAL}</arg>
<doc>Waits until the element ``locator`` is visible.</doc>
<status status="PASS" starttime="20230809 21:17:49.987" endtime="20230809 21:17:50.141"/>
</kw>
<kw name="Input Text" library="SeleniumLibrary">
<arg>${MARCARCONSULTA_PESQUISA_HOSPITAL}</arg>
<arg>${MARCARCONSULTA_TXT_PESQUISA_HOSPITAL}</arg>
<doc>Types the given ``text`` into the text field identified by ``locator``.</doc>
<msg timestamp="20230809 21:17:50.144" level="INFO">Typing text 'Hospital São Luiz Morumbi' into text field 'id=digite o bairro ou hospital'.</msg>
<status status="PASS" starttime="20230809 21:17:50.141" endtime="20230809 21:17:51.082"/>
</kw>
<kw name="Sleep" library="BuiltIn">
<arg>2s</arg>
<doc>Pauses the test executed for the given time.</doc>
<msg timestamp="20230809 21:17:53.084" level="INFO">Slept 2 seconds</msg>
<status status="PASS" starttime="20230809 21:17:51.082" endtime="20230809 21:17:53.084"/>
</kw>
<kw name="Press Keys" library="SeleniumLibrary">
<arg>${MARCARCONSULTA_PESQUISA_HOSPITAL}</arg>
<arg>ENTER</arg>
<doc>Simulates the user pressing key(s) to an element or on the active browser.</doc>
<msg timestamp="20230809 21:17:53.087" level="INFO">Sending key(s) ('ENTER',) to id=digite o bairro ou hospital element.</msg>
<msg timestamp="20230809 21:17:53.446" level="INFO">Pressing special key ENTER to element.</msg>
<msg timestamp="20230809 21:17:53.446" level="INFO">Releasing special key ENTER.</msg>
<status status="PASS" starttime="20230809 21:17:53.085" endtime="20230809 21:17:53.566"/>
</kw>
<kw name="Sleep" library="BuiltIn">
<arg>4s</arg>
<doc>Pauses the test executed for the given time.</doc>
<msg timestamp="20230809 21:17:57.569" level="INFO">Slept 4 seconds</msg>
<status status="PASS" starttime="20230809 21:17:53.568" endtime="20230809 21:17:57.569"/>
</kw>
<kw name="Title Should Be" library="SeleniumLibrary">
<arg>${MARCARCONSULTA_TITLE_DADOS_PACIENTE}</arg>
<doc>Verifies that the current page title equals ``title``.</doc>
<msg timestamp="20230809 21:17:57.615" level="INFO">Page title is 'Dados do paciente - Agendamento de Consultas | Rede D'Or São Luiz'.</msg>
<status status="PASS" starttime="20230809 21:17:57.570" endtime="20230809 21:17:57.616"/>
</kw>
<kw name="Wait Until Element Is Visible" library="SeleniumLibrary">
<arg>${MARCARCONSULTA_INPUT_DTNASC}</arg>
<doc>Waits until the element ``locator`` is visible.</doc>
<status status="PASS" starttime="20230809 21:17:57.616" endtime="20230809 21:17:57.816"/>
</kw>
<status status="PASS" starttime="20230809 21:17:49.956" endtime="20230809 21:17:57.816"/>
</kw>
<kw name="Então devo ver a tela de dados do paciente" library="MarcarConsulta">
<kw name="Title Should Be" library="SeleniumLibrary">
<arg>${MARCARCONSULTA_TITLE_DADOS_PACIENTE}</arg>
<doc>Verifies that the current page title equals ``title``.</doc>
<msg timestamp="20230809 21:17:58.158" level="INFO">Page title is 'Dados do paciente - Agendamento de Consultas | Rede D'Or São Luiz'.</msg>
<status status="PASS" starttime="20230809 21:17:57.834" endtime="20230809 21:17:58.163"/>
</kw>
<kw name="Wait Until Element Is Visible" library="SeleniumLibrary">
<arg>${MARCARCONSULTA_INPUT_DTNASC}</arg>
<doc>Waits until the element ``locator`` is visible.</doc>
<status status="PASS" starttime="20230809 21:17:58.164" endtime="20230809 21:17:58.983"/>
</kw>
<status status="PASS" starttime="20230809 21:17:57.833" endtime="20230809 21:17:58.984"/>
</kw>
<status status="PASS" starttime="20230809 21:17:28.284" endtime="20230809 21:17:59.415"/>
</test>
<test id="s1-t3" name="Cenário 03: Mostrar exame selecionado" line="26">
<kw name="Open the browser" library="Resource" type="SETUP">
<kw name="Open Browser" library="SeleniumLibrary">
<arg>about:blank</arg>
<arg>${BROWSER}</arg>
<doc>Opens a new browser instance to the optional ``url``.</doc>
<msg timestamp="20230809 21:18:00.574" level="INFO">Opening browser 'chrome' to base url 'about:blank'.</msg>
<status status="PASS" starttime="20230809 21:18:00.572" endtime="20230809 21:18:14.068"/>
</kw>
<kw name="Maximize Browser Window" library="SeleniumLibrary">
<doc>Maximizes current browser window.</doc>
<status status="PASS" starttime="20230809 21:18:14.069" endtime="20230809 21:18:14.448"/>
</kw>
<status status="PASS" starttime="20230809 21:18:00.571" endtime="20230809 21:18:14.449"/>
</kw>
<kw name="Dado que estou na página home do site" library="Home">
<kw name="Go To" library="SeleniumLibrary">
<arg>${HOME_URL}</arg>
<doc>Navigates the current browser window to the provided ``url``.</doc>
<msg timestamp="20230809 21:18:14.650" level="INFO">Opening url 'https://www.rededorsaoluiz.com.br/'</msg>
<status status="PASS" starttime="20230809 21:18:14.649" endtime="20230809 21:18:29.341"/>
</kw>
<kw name="Title Should Be" library="SeleniumLibrary">
<arg>${HOME_TOPLEFT_MENU}</arg>
<doc>Verifies that the current page title equals ``title``.</doc>
<msg timestamp="20230809 21:18:29.952" level="INFO">Page title is 'Rede D'Or São Luiz - Home'.</msg>
<status status="PASS" starttime="20230809 21:18:29.342" endtime="20230809 21:18:29.952"/>
</kw>
<status status="PASS" starttime="20230809 21:18:14.645" endtime="20230809 21:18:29.953"/>
</kw>
<kw name="Quando eu clicar para marcar um exame em &quot;Marque seus exames&quot;" library="Home">
<kw name="Wait Until Element Is Visible" library="SeleniumLibrary">
<arg>${HOME_TEXTBTN_MARCAR_EXAME}</arg>
<doc>Waits until the element ``locator`` is visible.</doc>
<status status="PASS" starttime="20230809 21:18:29.963" endtime="20230809 21:18:30.504"/>
</kw>
<kw name="Click Element" library="SeleniumLibrary">
<arg>${HOME_BTN_MARCAR_EXAME}</arg>
<doc>Click the element identified by ``locator``.</doc>
<msg timestamp="20230809 21:18:30.508" level="INFO">Clicking element 'xpath=//*[@data-test-id='_ctamarqueSeusExames']'.</msg>
<status status="PASS" starttime="20230809 21:18:30.505" endtime="20230809 21:18:32.081"/>
</kw>
<status status="PASS" starttime="20230809 21:18:29.962" endtime="20230809 21:18:32.083"/>
</kw>
<kw name="E buscar um exame selecionando ele" library="MarcarExame">
<kw name="Switch Window" library="SeleniumLibrary">
<arg>${EXAME_TITLE_BROWSER}</arg>
<doc>Switches to browser window matching ``locator``.</doc>
<status status="PASS" starttime="20230809 21:18:32.086" endtime="20230809 21:18:45.998"/>
</kw>
<kw name="Input Text" library="SeleniumLibrary">
<arg>${INPUT_NOME_EXAME}</arg>
<arg>${TXT_NOME_EXAME}</arg>
<doc>Types the given ``text`` into the text field identified by ``locator``.</doc>
<msg timestamp="20230809 21:18:46.001" level="INFO">Typing text 'Teste ergométrico' into text field 'id=query_input'.</msg>
<status status="PASS" starttime="20230809 21:18:45.999" endtime="20230809 21:18:47.069"/>
</kw>
<kw name="Press Keys" library="SeleniumLibrary">
<arg>${INPUT_NOME_EXAME}</arg>
<arg>ENTER</arg>
<doc>Simulates the user pressing key(s) to an element or on the active browser.</doc>
<msg timestamp="20230809 21:18:47.071" level="INFO">Sending key(s) ('ENTER',) to id=query_input element.</msg>
<msg timestamp="20230809 21:18:47.469" level="INFO">Pressing special key ENTER to element.</msg>
<msg timestamp="20230809 21:18:47.469" level="INFO">Releasing special key ENTER.</msg>
<status status="PASS" starttime="20230809 21:18:47.069" endtime="20230809 21:18:47.495"/>
</kw>
<kw name="Wait Until Element Is Visible" library="SeleniumLibrary">
<arg>${VALID_EXAME_BUSCADO}</arg>
<doc>Waits until the element ``locator`` is visible.</doc>
<status status="PASS" starttime="20230809 21:18:47.497" endtime="20230809 21:18:47.866"/>
</kw>
<status status="PASS" starttime="20230809 21:18:32.084" endtime="20230809 21:18:47.866"/>
</kw>
<kw name="Então devo ver o exame selecionado" library="MarcarExame">
<kw name="Wait Until Element Is Visible" library="SeleniumLibrary">
<arg>${VALID_EXAME_BUSCADO}</arg>
<doc>Waits until the element ``locator`` is visible.</doc>
<status status="PASS" starttime="20230809 21:18:47.869" endtime="20230809 21:18:47.948"/>
</kw>
<status status="PASS" starttime="20230809 21:18:47.868" endtime="20230809 21:18:47.948"/>
</kw>
<status status="PASS" starttime="20230809 21:18:00.485" endtime="20230809 21:18:47.950"/>
</test>
<status status="PASS" starttime="20230809 21:16:56.152" endtime="20230809 21:18:47.954"/>
</suite>
<statistics>
<total>
<stat pass="3" fail="0" skip="0">All Tests</stat>
</total>
<tag>
<stat pass="1" fail="0" skip="0">auto</stat>
</tag>
<suite>
<stat pass="3" fail="0" skip="0" id="s1" name="Testredesaoluiz">Testredesaoluiz</stat>
</suite>
</statistics>
<errors>
</errors>
</robot>
